{"level":30,"time":1740145194149,"pid":8688,"hostname":"DESKTOP-QHV0S35","msg":"Database configuration:"}
{"level":30,"time":1740145195900,"pid":8688,"hostname":"DESKTOP-QHV0S35","msg":"DB Query:"}
{"level":30,"time":1740145195933,"pid":8688,"hostname":"DESKTOP-QHV0S35","msg":"DB Query:"}
{"level":30,"time":1740145195936,"pid":8688,"hostname":"DESKTOP-QHV0S35","msg":"DB Query:"}
{"level":30,"time":1740145195938,"pid":8688,"hostname":"DESKTOP-QHV0S35","msg":"DB Query:"}
{"level":30,"time":1740145195939,"pid":8688,"hostname":"DESKTOP-QHV0S35","msg":"DB Query:"}
{"level":30,"time":1740145195940,"pid":8688,"hostname":"DESKTOP-QHV0S35","msg":"DB Query:"}
{"level":30,"time":1740145195957,"pid":8688,"hostname":"DESKTOP-QHV0S35","msg":"DB Query:"}
{"level":30,"time":1740145195980,"pid":8688,"hostname":"DESKTOP-QHV0S35","msg":"DB Query:"}
{"level":30,"time":1740145195981,"pid":8688,"hostname":"DESKTOP-QHV0S35","msg":"DB Query:"}
{"level":30,"time":1740145195981,"pid":8688,"hostname":"DESKTOP-QHV0S35","msg":"DB Query:"}
{"level":30,"time":1740145195981,"pid":8688,"hostname":"DESKTOP-QHV0S35","msg":"DB Query:"}
{"level":30,"time":1740145196030,"pid":8688,"hostname":"DESKTOP-QHV0S35","msg":"DB Query:"}
{"level":30,"time":1740145196031,"pid":8688,"hostname":"DESKTOP-QHV0S35","msg":"DB Query:"}
{"level":30,"time":1740145196034,"pid":8688,"hostname":"DESKTOP-QHV0S35","msg":"DB Query:"}
{"level":30,"time":1740145196037,"pid":8688,"hostname":"DESKTOP-QHV0S35","msg":"DB Query:"}
{"level":30,"time":1740145196042,"pid":8688,"hostname":"DESKTOP-QHV0S35","msg":"DB Query:"}
{"level":30,"time":1740145196053,"pid":8688,"hostname":"DESKTOP-QHV0S35","msg":"DB Query:"}
{"level":30,"time":1740145196054,"pid":8688,"hostname":"DESKTOP-QHV0S35","msg":"Database connection established"}
{"level":30,"time":1740145196287,"pid":8688,"hostname":"DESKTOP-QHV0S35","msg":"DB Query:"}
{"level":30,"time":1740145196293,"pid":8688,"hostname":"DESKTOP-QHV0S35","msg":"DB Query:"}
{"level":30,"time":1740145196294,"pid":8688,"hostname":"DESKTOP-QHV0S35","msg":"DB Query:"}
{"level":30,"time":1740145196295,"pid":8688,"hostname":"DESKTOP-QHV0S35","msg":"DB Query:"}
{"level":30,"time":1740145196295,"pid":8688,"hostname":"DESKTOP-QHV0S35","msg":"DB Query:"}
{"level":30,"time":1740145196295,"pid":8688,"hostname":"DESKTOP-QHV0S35","msg":"DB Query:"}
{"level":30,"time":1740145196311,"pid":8688,"hostname":"DESKTOP-QHV0S35","msg":"DB Query:"}
{"level":30,"time":1740145196330,"pid":8688,"hostname":"DESKTOP-QHV0S35","msg":"DB Query:"}
{"level":30,"time":1740145196331,"pid":8688,"hostname":"DESKTOP-QHV0S35","msg":"DB Query:"}
{"level":30,"time":1740145196331,"pid":8688,"hostname":"DESKTOP-QHV0S35","msg":"DB Query:"}
{"level":30,"time":1740145196331,"pid":8688,"hostname":"DESKTOP-QHV0S35","msg":"DB Query:"}
{"level":30,"time":1740145196375,"pid":8688,"hostname":"DESKTOP-QHV0S35","msg":"DB Query:"}
{"level":30,"time":1740145196375,"pid":8688,"hostname":"DESKTOP-QHV0S35","msg":"DB Query:"}
{"level":30,"time":1740145196378,"pid":8688,"hostname":"DESKTOP-QHV0S35","msg":"DB Query:"}
{"level":30,"time":1740145196381,"pid":8688,"hostname":"DESKTOP-QHV0S35","msg":"DB Query:"}
{"level":30,"time":1740145196385,"pid":8688,"hostname":"DESKTOP-QHV0S35","msg":"DB Query:"}
{"level":30,"time":1740145196390,"pid":8688,"hostname":"DESKTOP-QHV0S35","msg":"DB Query:"}
{"level":30,"time":1740145196405,"pid":8688,"hostname":"DESKTOP-QHV0S35","msg":"Server running at http://localhost:80"}
{"level":30,"time":1740145239808,"pid":6468,"hostname":"DESKTOP-QHV0S35","msg":"Database configuration:"}
{"level":30,"time":1740145241258,"pid":6468,"hostname":"DESKTOP-QHV0S35","msg":"DB Query:"}
{"level":30,"time":1740145241285,"pid":6468,"hostname":"DESKTOP-QHV0S35","msg":"DB Query:"}
{"level":30,"time":1740145241287,"pid":6468,"hostname":"DESKTOP-QHV0S35","msg":"DB Query:"}
{"level":30,"time":1740145241289,"pid":6468,"hostname":"DESKTOP-QHV0S35","msg":"DB Query:"}
{"level":30,"time":1740145241290,"pid":6468,"hostname":"DESKTOP-QHV0S35","msg":"DB Query:"}
{"level":30,"time":1740145241291,"pid":6468,"hostname":"DESKTOP-QHV0S35","msg":"DB Query:"}
{"level":30,"time":1740145241306,"pid":6468,"hostname":"DESKTOP-QHV0S35","msg":"DB Query:"}
{"level":30,"time":1740145241332,"pid":6468,"hostname":"DESKTOP-QHV0S35","msg":"DB Query:"}
{"level":30,"time":1740145241332,"pid":6468,"hostname":"DESKTOP-QHV0S35","msg":"DB Query:"}
{"level":30,"time":1740145241332,"pid":6468,"hostname":"DESKTOP-QHV0S35","msg":"DB Query:"}
{"level":30,"time":1740145241333,"pid":6468,"hostname":"DESKTOP-QHV0S35","msg":"DB Query:"}
{"level":30,"time":1740145241383,"pid":6468,"hostname":"DESKTOP-QHV0S35","msg":"DB Query:"}
{"level":30,"time":1740145241383,"pid":6468,"hostname":"DESKTOP-QHV0S35","msg":"DB Query:"}
{"level":30,"time":1740145241387,"pid":6468,"hostname":"DESKTOP-QHV0S35","msg":"DB Query:"}
{"level":30,"time":1740145241391,"pid":6468,"hostname":"DESKTOP-QHV0S35","msg":"DB Query:"}
{"level":30,"time":1740145241396,"pid":6468,"hostname":"DESKTOP-QHV0S35","msg":"DB Query:"}
{"level":30,"time":1740145241407,"pid":6468,"hostname":"DESKTOP-QHV0S35","msg":"DB Query:"}
{"level":30,"time":1740145241409,"pid":6468,"hostname":"DESKTOP-QHV0S35","msg":"Database connection established"}
{"level":30,"time":1740145241649,"pid":6468,"hostname":"DESKTOP-QHV0S35","msg":"DB Query:"}
{"level":30,"time":1740145241656,"pid":6468,"hostname":"DESKTOP-QHV0S35","msg":"DB Query:"}
{"level":30,"time":1740145241658,"pid":6468,"hostname":"DESKTOP-QHV0S35","msg":"DB Query:"}
{"level":30,"time":1740145241658,"pid":6468,"hostname":"DESKTOP-QHV0S35","msg":"DB Query:"}
{"level":30,"time":1740145241659,"pid":6468,"hostname":"DESKTOP-QHV0S35","msg":"DB Query:"}
{"level":30,"time":1740145241659,"pid":6468,"hostname":"DESKTOP-QHV0S35","msg":"DB Query:"}
{"level":30,"time":1740145241675,"pid":6468,"hostname":"DESKTOP-QHV0S35","msg":"DB Query:"}
{"level":30,"time":1740145241699,"pid":6468,"hostname":"DESKTOP-QHV0S35","msg":"DB Query:"}
{"level":30,"time":1740145241699,"pid":6468,"hostname":"DESKTOP-QHV0S35","msg":"DB Query:"}
{"level":30,"time":1740145241699,"pid":6468,"hostname":"DESKTOP-QHV0S35","msg":"DB Query:"}
{"level":30,"time":1740145241699,"pid":6468,"hostname":"DESKTOP-QHV0S35","msg":"DB Query:"}
{"level":30,"time":1740145241745,"pid":6468,"hostname":"DESKTOP-QHV0S35","msg":"DB Query:"}
{"level":30,"time":1740145241745,"pid":6468,"hostname":"DESKTOP-QHV0S35","msg":"DB Query:"}
{"level":30,"time":1740145241748,"pid":6468,"hostname":"DESKTOP-QHV0S35","msg":"DB Query:"}
{"level":30,"time":1740145241751,"pid":6468,"hostname":"DESKTOP-QHV0S35","msg":"DB Query:"}
{"level":30,"time":1740145241756,"pid":6468,"hostname":"DESKTOP-QHV0S35","msg":"DB Query:"}
{"level":30,"time":1740145241761,"pid":6468,"hostname":"DESKTOP-QHV0S35","msg":"DB Query:"}
{"level":30,"time":1740145241775,"pid":6468,"hostname":"DESKTOP-QHV0S35","msg":"Server running at http://localhost:80"}
{"level":30,"time":1740145288834,"pid":6468,"hostname":"DESKTOP-QHV0S35","msg":"DB Query:"}
{"level":30,"time":1740145294222,"pid":6468,"hostname":"DESKTOP-QHV0S35","msg":"DB Query:"}
{"level":30,"time":1740145294252,"pid":6468,"hostname":"DESKTOP-QHV0S35","msg":"DB Query:"}
{"level":30,"time":1740145294513,"pid":6468,"hostname":"DESKTOP-QHV0S35","msg":"DB Query:"}
{"level":30,"time":1740145296156,"pid":6468,"hostname":"DESKTOP-QHV0S35","msg":"DB Query:"}
{"level":30,"time":1740145300881,"pid":6468,"hostname":"DESKTOP-QHV0S35","msg":"DB Query:"}
{"level":30,"time":1740145301995,"pid":6468,"hostname":"DESKTOP-QHV0S35","msg":"DB Query:"}
{"level":30,"time":1740145302713,"pid":6468,"hostname":"DESKTOP-QHV0S35","msg":"DB Query:"}
{"level":30,"time":1740145303714,"pid":6468,"hostname":"DESKTOP-QHV0S35","msg":"DB Query:"}
{"level":30,"time":1740145305212,"pid":6468,"hostname":"DESKTOP-QHV0S35","msg":"DB Query:"}
{"level":30,"time":1740145305700,"pid":6468,"hostname":"DESKTOP-QHV0S35","msg":"DB Query:"}
{"level":30,"time":1740145306187,"pid":6468,"hostname":"DESKTOP-QHV0S35","msg":"DB Query:"}
{"level":30,"time":1740145306698,"pid":6468,"hostname":"DESKTOP-QHV0S35","msg":"DB Query:"}
{"level":30,"time":1740145307078,"pid":6468,"hostname":"DESKTOP-QHV0S35","msg":"DB Query:"}
{"level":30,"time":1740145307724,"pid":6468,"hostname":"DESKTOP-QHV0S35","msg":"DB Query:"}
{"level":30,"time":1740145414657,"pid":6468,"hostname":"DESKTOP-QHV0S35","msg":"DB Query:"}
{"level":30,"time":1740145551065,"pid":6468,"hostname":"DESKTOP-QHV0S35","msg":"DB Query:"}
{"level":30,"time":1740145555132,"pid":6468,"hostname":"DESKTOP-QHV0S35","msg":"DB Query:"}
{"level":30,"time":1740145575638,"pid":6468,"hostname":"DESKTOP-QHV0S35","msg":"DB Query:"}
{"level":30,"time":1740145585003,"pid":6468,"hostname":"DESKTOP-QHV0S35","msg":"DB Query:"}
{"level":30,"time":1740145585834,"pid":6468,"hostname":"DESKTOP-QHV0S35","msg":"DB Query:"}
{"level":30,"time":1740145700643,"pid":6468,"hostname":"DESKTOP-QHV0S35","msg":"DB Query:"}
{"level":30,"time":1740145700671,"pid":6468,"hostname":"DESKTOP-QHV0S35","msg":"DB Query:"}
{"level":30,"time":1740145700759,"pid":6468,"hostname":"DESKTOP-QHV0S35","msg":"DB Query:"}
{"level":30,"time":1740145721784,"pid":6468,"hostname":"DESKTOP-QHV0S35","msg":"DB Query:"}
{"level":30,"time":1740145796134,"pid":6468,"hostname":"DESKTOP-QHV0S35","msg":"DB Query:"}
{"level":30,"time":1740145796164,"pid":6468,"hostname":"DESKTOP-QHV0S35","msg":"DB Query:"}
{"level":30,"time":1740145796179,"pid":6468,"hostname":"DESKTOP-QHV0S35","msg":"DB Query:"}
{"level":30,"time":1740145796190,"pid":6468,"hostname":"DESKTOP-QHV0S35","msg":"DB Query:"}
{"level":30,"time":1740145796278,"pid":6468,"hostname":"DESKTOP-QHV0S35","msg":"DB Query:"}
{"level":30,"time":1740145879269,"pid":6468,"hostname":"DESKTOP-QHV0S35","msg":"DB Query:"}
{"level":30,"time":1740145879291,"pid":6468,"hostname":"DESKTOP-QHV0S35","msg":"DB Query:"}
{"level":30,"time":1740145890386,"pid":6468,"hostname":"DESKTOP-QHV0S35","msg":"DB Query:"}
{"level":30,"time":1740145890633,"pid":6468,"hostname":"DESKTOP-QHV0S35","msg":"DB Query:"}
{"level":30,"time":1740145891229,"pid":6468,"hostname":"DESKTOP-QHV0S35","msg":"DB Query:"}
{"level":30,"time":1740145891794,"pid":6468,"hostname":"DESKTOP-QHV0S35","msg":"DB Query:"}
{"level":30,"time":1740145892308,"pid":6468,"hostname":"DESKTOP-QHV0S35","msg":"DB Query:"}
{"level":30,"time":1740145893470,"pid":6468,"hostname":"DESKTOP-QHV0S35","msg":"DB Query:"}
{"level":30,"time":1740145894615,"pid":6468,"hostname":"DESKTOP-QHV0S35","msg":"DB Query:"}
{"level":30,"time":1740145895174,"pid":6468,"hostname":"DESKTOP-QHV0S35","msg":"DB Query:"}
{"level":30,"time":1740145898335,"pid":6468,"hostname":"DESKTOP-QHV0S35","msg":"DB Query:"}
{"level":30,"time":1740145900005,"pid":6468,"hostname":"DESKTOP-QHV0S35","msg":"DB Query:"}
{"level":30,"time":1740145900906,"pid":6468,"hostname":"DESKTOP-QHV0S35","msg":"DB Query:"}
{"level":30,"time":1740145903011,"pid":6468,"hostname":"DESKTOP-QHV0S35","msg":"DB Query:"}
{"level":30,"time":1740145904796,"pid":6468,"hostname":"DESKTOP-QHV0S35","msg":"DB Query:"}
{"level":30,"time":1740145905979,"pid":6468,"hostname":"DESKTOP-QHV0S35","msg":"DB Query:"}
{"level":30,"time":1740145907182,"pid":6468,"hostname":"DESKTOP-QHV0S35","msg":"DB Query:"}
{"level":30,"time":1740145907191,"pid":6468,"hostname":"DESKTOP-QHV0S35","msg":"DB Query:"}
{"level":30,"time":1740145907199,"pid":6468,"hostname":"DESKTOP-QHV0S35","msg":"DB Query:"}
{"level":30,"time":1740145907248,"pid":6468,"hostname":"DESKTOP-QHV0S35","msg":"DB Query:"}
{"level":30,"time":1740145909356,"pid":6468,"hostname":"DESKTOP-QHV0S35","msg":"DB Query:"}
{"level":30,"time":1740145911091,"pid":6468,"hostname":"DESKTOP-QHV0S35","msg":"DB Query:"}
{"level":30,"time":1740145912653,"pid":6468,"hostname":"DESKTOP-QHV0S35","msg":"DB Query:"}
{"level":30,"time":1740145915012,"pid":6468,"hostname":"DESKTOP-QHV0S35","msg":"DB Query:"}
{"level":30,"time":1740145922703,"pid":6468,"hostname":"DESKTOP-QHV0S35","msg":"DB Query:"}
{"level":30,"time":1740145924903,"pid":6468,"hostname":"DESKTOP-QHV0S35","msg":"DB Query:"}
{"level":30,"time":1740145926223,"pid":6468,"hostname":"DESKTOP-QHV0S35","msg":"DB Query:"}
{"level":30,"time":1740145928707,"pid":6468,"hostname":"DESKTOP-QHV0S35","msg":"DB Query:"}
{"level":30,"time":1740146267167,"pid":23432,"hostname":"DESKTOP-QHV0S35","msg":"Database configuration:"}
{"level":30,"time":1740146268976,"pid":23432,"hostname":"DESKTOP-QHV0S35","msg":"DB Query:"}
{"level":30,"time":1740146268999,"pid":23432,"hostname":"DESKTOP-QHV0S35","msg":"DB Query:"}
{"level":30,"time":1740146269002,"pid":23432,"hostname":"DESKTOP-QHV0S35","msg":"DB Query:"}
{"level":30,"time":1740146269004,"pid":23432,"hostname":"DESKTOP-QHV0S35","msg":"DB Query:"}
{"level":30,"time":1740146269004,"pid":23432,"hostname":"DESKTOP-QHV0S35","msg":"DB Query:"}
{"level":30,"time":1740146269005,"pid":23432,"hostname":"DESKTOP-QHV0S35","msg":"DB Query:"}
{"level":30,"time":1740146269021,"pid":23432,"hostname":"DESKTOP-QHV0S35","msg":"DB Query:"}
{"level":30,"time":1740146269042,"pid":23432,"hostname":"DESKTOP-QHV0S35","msg":"DB Query:"}
{"level":30,"time":1740146269042,"pid":23432,"hostname":"DESKTOP-QHV0S35","msg":"DB Query:"}
{"level":30,"time":1740146269042,"pid":23432,"hostname":"DESKTOP-QHV0S35","msg":"DB Query:"}
{"level":30,"time":1740146269043,"pid":23432,"hostname":"DESKTOP-QHV0S35","msg":"DB Query:"}
{"level":30,"time":1740146269094,"pid":23432,"hostname":"DESKTOP-QHV0S35","msg":"DB Query:"}
{"level":30,"time":1740146269094,"pid":23432,"hostname":"DESKTOP-QHV0S35","msg":"DB Query:"}
{"level":30,"time":1740146269098,"pid":23432,"hostname":"DESKTOP-QHV0S35","msg":"DB Query:"}
{"level":30,"time":1740146269101,"pid":23432,"hostname":"DESKTOP-QHV0S35","msg":"DB Query:"}
{"level":30,"time":1740146269106,"pid":23432,"hostname":"DESKTOP-QHV0S35","msg":"DB Query:"}
{"level":30,"time":1740146269117,"pid":23432,"hostname":"DESKTOP-QHV0S35","msg":"DB Query:"}
{"level":30,"time":1740146269118,"pid":23432,"hostname":"DESKTOP-QHV0S35","msg":"Database connection established"}
{"level":30,"time":1740146269301,"pid":23432,"hostname":"DESKTOP-QHV0S35","msg":"DB Query:"}
{"level":30,"time":1740146269307,"pid":23432,"hostname":"DESKTOP-QHV0S35","msg":"DB Query:"}
{"level":30,"time":1740146269308,"pid":23432,"hostname":"DESKTOP-QHV0S35","msg":"DB Query:"}
{"level":30,"time":1740146269308,"pid":23432,"hostname":"DESKTOP-QHV0S35","msg":"DB Query:"}
{"level":30,"time":1740146269309,"pid":23432,"hostname":"DESKTOP-QHV0S35","msg":"DB Query:"}
{"level":30,"time":1740146269309,"pid":23432,"hostname":"DESKTOP-QHV0S35","msg":"DB Query:"}
{"level":30,"time":1740146269325,"pid":23432,"hostname":"DESKTOP-QHV0S35","msg":"DB Query:"}
{"level":30,"time":1740146269346,"pid":23432,"hostname":"DESKTOP-QHV0S35","msg":"DB Query:"}
{"level":30,"time":1740146269346,"pid":23432,"hostname":"DESKTOP-QHV0S35","msg":"DB Query:"}
{"level":30,"time":1740146269346,"pid":23432,"hostname":"DESKTOP-QHV0S35","msg":"DB Query:"}
{"level":30,"time":1740146269346,"pid":23432,"hostname":"DESKTOP-QHV0S35","msg":"DB Query:"}
{"level":30,"time":1740146269394,"pid":23432,"hostname":"DESKTOP-QHV0S35","msg":"DB Query:"}
{"level":30,"time":1740146269394,"pid":23432,"hostname":"DESKTOP-QHV0S35","msg":"DB Query:"}
{"level":30,"time":1740146269397,"pid":23432,"hostname":"DESKTOP-QHV0S35","msg":"DB Query:"}
{"level":30,"time":1740146269399,"pid":23432,"hostname":"DESKTOP-QHV0S35","msg":"DB Query:"}
{"level":30,"time":1740146269404,"pid":23432,"hostname":"DESKTOP-QHV0S35","msg":"DB Query:"}
{"level":30,"time":1740146269409,"pid":23432,"hostname":"DESKTOP-QHV0S35","msg":"DB Query:"}
{"level":30,"time":1740146269423,"pid":23432,"hostname":"DESKTOP-QHV0S35","msg":"Server running at http://localhost:80"}
{"level":30,"time":1740146273951,"pid":23432,"hostname":"DESKTOP-QHV0S35","method":"POST","url":"/api/chat/sessions","status":200,"duration":"35ms","userId":"anonymous","ip":"::1","userAgent":"Mozilla/5.0 (Windows NT 10.0; Win64; x64) AppleWebKit/537.36 (KHTML, like Gecko) Chrome/133.0.0.0 Safari/537.36","requestBody":{"userId":1,"title":"新对话 2025/2/21 21:57:53"},"responseBody":{"id":19,"userId":1,"title":"新对话 2025/2/21 21:57:53","createdAt":"2025-02-21T13:57:53.930Z","updatedAt":"2025-02-21T13:57:53.930Z","isShared":false,"shareCode":null},"timestamp":"2025-02-21T13:57:53.951Z"}
{"level":30,"time":1740146273999,"pid":23432,"hostname":"DESKTOP-QHV0S35","method":"GET","url":"/api/chat/sessions/19/messages","status":200,"duration":"16ms","userId":"anonymous","ip":"::1","userAgent":"Mozilla/5.0 (Windows NT 10.0; Win64; x64) AppleWebKit/537.36 (KHTML, like Gecko) Chrome/133.0.0.0 Safari/537.36","requestBody":{},"responseBody":[],"timestamp":"2025-02-21T13:57:53.999Z"}
{"level":30,"time":1740146273929,"pid":23432,"hostname":"DESKTOP-QHV0S35","msg":"DB Query:"}
{"level":30,"time":1740146273937,"pid":23432,"hostname":"DESKTOP-QHV0S35","msg":"DB Query:"}
{"level":30,"time":1740146273944,"pid":23432,"hostname":"DESKTOP-QHV0S35","msg":"DB Query:"}
{"level":30,"time":1740146273996,"pid":23432,"hostname":"DESKTOP-QHV0S35","msg":"DB Query:"}
